<?xml version="1.0" encoding="UTF-8"?><testsuite errors="0" failures="3" name="com.restapiexample.employeeinfo.EmployeeCurdTest" skipped="0" tests="4" time="6.37" timestamp="2022-06-05T20:52:36.341+01:00[Europe/London]"><testcase classname="com.restapiexample.employeeinfo.EmployeeCurdTest" name="creating  new employee record "/><testcase classname="com.restapiexample.employeeinfo.EmployeeCurdTest" name="getting single employee record "><failure message="1 expectation failed.&#10;JSON path name doesn't match.&#10;Expected: kiya88973&#10;  Actual: null&#10;" type="java.lang.AssertionError">1 expectation failed.
JSON path name doesn't match.
Expected: kiya88973
  Actual: null
</failure><system-err>1 expectation failed.
JSON path name doesn't match.
Expected: kiya88973
  Actual: null
&#13;
io.restassured.internal.ResponseSpecificationImpl.validateResponseIfRequired(ResponseSpecificationImpl.groovy:636)&#13;
io.restassured.internal.ResponseSpecificationImpl.content(ResponseSpecificationImpl.groovy:265)&#13;
io.restassured.internal.ResponseSpecificationImpl.body(ResponseSpecificationImpl.groovy:248)&#13;
io.restassured.internal.ValidatableResponseOptionsImpl.body(ValidatableResponseOptionsImpl.java:268)&#13;
com.restapiexample.employeeinfo.EmployeeCurdTest.test002(EmployeeCurdTest.java:45)&#13;
</system-err></testcase><testcase classname="com.restapiexample.employeeinfo.EmployeeCurdTest" name="update employee record"><failure message="1 expectation failed.&#10;Expected status code &lt;200&gt; but was &lt;405&gt;.&#10;" type="java.lang.AssertionError">1 expectation failed.
Expected status code &lt;200&gt; but was &lt;405&gt;.
</failure><system-err>1 expectation failed.
Expected status code &lt;200&gt; but was &lt;405&gt;.
&#13;
io.restassured.internal.ResponseSpecificationImpl.validateResponseIfRequired(ResponseSpecificationImpl.groovy:636)&#13;
io.restassured.internal.ResponseSpecificationImpl.statusCode(ResponseSpecificationImpl.groovy:122)&#13;
io.restassured.internal.ResponseSpecificationImpl.statusCode(ResponseSpecificationImpl.groovy:130)&#13;
io.restassured.internal.ValidatableResponseOptionsImpl.statusCode(ValidatableResponseOptionsImpl.java:117)&#13;
com.restapiexample.employeeinfo.EmployeeCurdTest.test003(EmployeeCurdTest.java:52)&#13;
</system-err></testcase><testcase classname="com.restapiexample.employeeinfo.EmployeeCurdTest" name="delete employee record"><failure message="1 expectation failed.&#10;Expected status code &lt;200&gt; but was &lt;405&gt;.&#10;" type="java.lang.AssertionError">1 expectation failed.
Expected status code &lt;200&gt; but was &lt;405&gt;.
</failure><system-err>1 expectation failed.
Expected status code &lt;200&gt; but was &lt;405&gt;.
&#13;
io.restassured.internal.ResponseSpecificationImpl.validateResponseIfRequired(ResponseSpecificationImpl.groovy:636)&#13;
io.restassured.internal.ResponseSpecificationImpl.statusCode(ResponseSpecificationImpl.groovy:122)&#13;
io.restassured.internal.ResponseSpecificationImpl.statusCode(ResponseSpecificationImpl.groovy:130)&#13;
io.restassured.internal.ValidatableResponseOptionsImpl.statusCode(ValidatableResponseOptionsImpl.java:117)&#13;
com.restapiexample.employeeinfo.EmployeeCurdTest.test004(EmployeeCurdTest.java:59)&#13;
</system-err></testcase></testsuite>